<?xml version="1.0" encoding="UTF-8"?>
<testsuite xmlns:xsi="http://www.w3.org/2001/XMLSchema-instance" xsi:noNamespaceSchemaLocation="https://maven.apache.org/surefire/maven-surefire-plugin/xsd/surefire-test-report.xsd" name="Runners.CukesRunner" time="154.354" tests="14" errors="0" skipped="0" failures="0">
  <properties>
[...]
</properties>
  <testcase name="Verify that all classification and status combinations" classname="Comment classification and status functionalities" time="21.101"/>
  <testcase name="Verify that all classification and status combinations" classname="Comment classification and status functionalities" time="11.387"/>
  <testcase name="Verify that all classification and status combinations" classname="Comment classification and status functionalities" time="11.649"/>
  <testcase name="Verify that all classification and status combinations" classname="Comment classification and status functionalities" time="10.95"/>
  <testcase name="Verify that all classification and status combinations" classname="Comment classification and status functionalities" time="10.767"/>
  <testcase name="Verify that all classification and status combinations" classname="Comment classification and status functionalities" time="10.216"/>
  <testcase name="Verify that user can login with a valid key" classname="Login functionality" time="12.288"/>
  <testcase name="Verify that user can not login with an invalid key" classname="Login functionality" time="10.236"/>
  <testcase name="Verify that user can logout by clicking Logout button" classname="Logout functionality" time="12.109"/>
  <testcase name="Verify all the radio buttons if they are enabled" classname="Radio Buttons" time="8.455"/>
  <testcase name="Verify all the radio buttons if they are enabled" classname="Radio Buttons" time="7.783"/>
  <testcase name="Verify all the radio buttons if they are enabled" classname="Radio Buttons" time="8.244"/>
  <testcase name="Verify all the radio buttons if they are enabled" classname="Radio Buttons" time="8.238"/>
  <testcase name="Verify all the radio buttons if they are enabled" classname="Radio Buttons" time="9.228"/>
</testsuite>